[10124:9076:0817/114028:INFO:AppRunner.cpp(619)] Begin run process geeplayer
[10124:9076:0817/114028:INFO:AppRunner.cpp(623)] ProductName is GeePlayer1
[10124:9076:0817/114028:INFO:AppRunner.cpp(662)] apppluginbase version is 4.3.4.80
[10124:9076:0817/114028:INFO:UIlib.cpp(192)] quilib: version is 4.3.4.78
[10124:9076:0817/114028:INFO:serviceManager.cpp(687)] mainprocessisrunning key is set as 1
[10124:9076:0817/114028:INFO:serviceManager.cpp(800)] create local service plugin PluginServerStatePlugin
[10124:9076:0817/114028:INFO:serviceManager.cpp(857)] plugin PluginServerStatePlugin DoPluginInit
[10124:9076:0817/114028:INFO:serviceManager.cpp(1523)] repository parse over
[10124:9076:0817/114028:INFO:UIManager.cpp(372)] quilib:call set resouce path, path is c:\program files (x86)\iqiyi video\geeplayer\2.5.38.3449\skin
[10124:9076:0817/114028:INFO:UIDlgBuilder.cpp(407)] quilib:create root control failed
[10124:9076:0817/114028:INFO:UIDlgBuilder.cpp(407)] quilib:create root control failed
[10124:9076:0817/114028:INFO:UIDlgBuilder.cpp(407)] quilib:create root control failed
[10124:9076:0817/114028:INFO:UIDlgBuilder.cpp(407)] quilib:create root control failed
[10124:9076:0817/114028:INFO:UIDlgBuilder.cpp(407)] quilib:create root control failed
[10124:9076:0817/114028:INFO:UIDlgBuilder.cpp(407)] quilib:create root control failed
[10124:9076:0817/114030:INFO:AppRunner.cpp(715)] loop exit geeplayer call main plugin DestoryPluginEntry
[10124:9076:0817/114030:INFO:IPlugin.cpp(117)] real plugin mainPlugin call DestroyPlugin
[10124:9076:0817/114030:INFO:IPlugin.cpp(374)] destruct plugin mainPlugin
[10124:9076:0817/114030:INFO:serviceManager.cpp(1608)] mainPlugin plugin had destroy by DestructPlugin
[10124:9076:0817/114030:INFO:serviceManager.cpp(2532)] DestructManager begin
[10124:9076:0817/114030:INFO:IPlugin.cpp(374)] destruct plugin PluginServerStatePlugin
[10124:9076:0817/114030:INFO:IPlugin.cpp(286)] real plugin PluginServerStatePlugin call DestroyPlugin
[10124:9076:0817/114030:INFO:serviceManager.cpp(1608)] PluginServerStatePlugin plugin had destroy by DestructPlugin
[10124:9076:0817/114030:INFO:serviceManager.cpp(2408)] DeleteLeftPlugins begin
[10124:9076:0817/114030:INFO:serviceManager.cpp(2470)] DeleteLeftPlugins end
[10124:9076:0817/114030:INFO:serviceManager.cpp(687)] mainprocessisrunning key is set as 0
[10124:9076:0817/114030:INFO:AppRunner.cpp(730)] close mutex of process geeplayer
[10124:9076:0817/114030:INFO:AppRunner.cpp(738)] run process geeplayer end
